<?xml version="1.0" encoding="UTF-8"?>
<!-- Generated by org.testng.reporters.JUnitReportReporter -->
<testsuite hostname="MacBook-Pro-2.attlocal.net" failures="0" tests="1" name="MavenProject.MavenJava.Cucumber" time="0.007" errors="0" timestamp="2023-04-18T22:33:26 GMT-05:00" skipped="0">
  <testcase classname="MavenProject.MavenJava.Cucumber" name="onlyNum" time="0.007"/>
  <system-out/>
</testsuite> <!-- MavenProject.MavenJava.Cucumber -->
