<?xml version="1.0" encoding="UTF-8"?>
<!-- Generated by org.testng.reporters.JUnitReportReporter -->
<testsuite hostname="MacBook-Pro-2.attlocal.net" failures="0" tests="3" name="MavenProject.MavenJava.DProv" time="0.011" errors="0" timestamp="2023-04-20T18:54:44 GMT-05:00" skipped="0">
  <testcase classname="MavenProject.MavenJava.DProv" name="test" time="0.002"/>
  <system-out/>
  <testcase classname="MavenProject.MavenJava.DProv" name="test" time="0.008"/>
  <system-out/>
  <testcase classname="MavenProject.MavenJava.DProv" name="test" time="0.001"/>
  <system-out/>
</testsuite> <!-- MavenProject.MavenJava.DProv -->
