<?xml version="1.0" encoding="UTF-8"?>
<!-- Generated by org.testng.reporters.JUnitReportReporter -->
<testsuite hostname="MacBook-Pro-2.attlocal.net" failures="0" tests="1" name="MavenProject.MavenJava.a" time="0.010" errors="0" timestamp="2023-04-12T15:23:38 GMT-05:00" skipped="0">
  <testcase classname="MavenProject.MavenJava.a" name="test" time="0.010"/>
  <system-out/>
</testsuite> <!-- MavenProject.MavenJava.a -->
