<?xml version="1.0" encoding="UTF-8"?>
<!-- Generated by org.testng.reporters.JUnitReportReporter -->
<testsuite hostname="MacBook-Pro-2.attlocal.net" failures="0" tests="2" name="MavenProject.MavenJava.TestPrint" time="0.011" errors="0" timestamp="2022-06-12T14:11:37 GMT-05:00" skipped="0">
  <testcase classname="MavenProject.MavenJava.TestPrint" name="Print" time="0.010"/>
  <system-out/>
  <testcase classname="MavenProject.MavenJava.TestPrint" name="Printnew" time="0.001"/>
  <system-out/>
</testsuite> <!-- MavenProject.MavenJava.TestPrint -->
