<?xml version="1.0" encoding="UTF-8"?>
<!-- Generated by org.testng.reporters.JUnitReportReporter -->
<testsuite hostname="MacBook-Pro-2.attlocal.net" failures="0" tests="1" name="MavenProject.MavenJava.DynamicTable" time="46.046" errors="0" timestamp="2023-04-11T09:46:39 GMT-05:00" skipped="0">
  <testcase classname="MavenProject.MavenJava.DynamicTable" name="Table" time="46.046"/>
  <system-out/>
</testsuite> <!-- MavenProject.MavenJava.DynamicTable -->
