<?xml version="1.0" encoding="UTF-8"?>
<!-- Generated by org.testng.reporters.JUnitReportReporter -->
<testsuite hostname="MacBook-Pro-2.attlocal.net" failures="0" tests="2" name="MavenProject.MavenJava.TestPrint" time="0.004" errors="0" timestamp="2023-04-20T18:52:57 GMT-05:00" skipped="0">
  <testcase classname="MavenProject.MavenJava.TestPrint" name="Print" time="0.004"/>
  <system-out/>
  <testcase classname="MavenProject.MavenJava.TestPrint" name="Printnew" time="0.000"/>
  <system-out/>
</testsuite> <!-- MavenProject.MavenJava.TestPrint -->
